#
# A fatal error has been detected by the Java Runtime Environment:
#
#  Internal Error (javaClasses.cpp:124), pid=5936, tid=4916
#  fatal error: Invalid layout of preloaded class
#
# JRE version:  (8.0_05-b13) (build )
# Java VM: Java HotSpot(TM) 64-Bit Server VM (25.5-b02 mixed mode windows-amd64 compressed oops)
# Failed to write core dump. Minidumps are not enabled by default on client versions of Windows
#
# If you would like to submit a bug report, please visit:
#   http://bugreport.sun.com/bugreport/crash.jsp
#

---------------  T H R E A D  ---------------

Current thread (0x00000000028fd800):  JavaThread "Unknown thread" [_thread_in_vm, id=4916, stack(0x0000000002390000,0x0000000002490000)]

Stack: [0x0000000002390000,0x0000000002490000]
Native frames: (J=compiled Java code, j=interpreted, Vv=VM code, C=native code)
V  [jvm.dll+0x308dea]
V  [jvm.dll+0x25def1]
V  [jvm.dll+0x25eb0f]
V  [jvm.dll+0x256466]
V  [jvm.dll+0x5d33c]
V  [jvm.dll+0x5d433]
V  [jvm.dll+0x71d2a]
V  [jvm.dll+0x72088]
V  [jvm.dll+0xe1607]
V  [jvm.dll+0xe1996]
V  [jvm.dll+0x1f13e7]
V  [jvm.dll+0x2227c4]
V  [jvm.dll+0x149f71]
C  [javaw.exe+0x208a]
C  [javaw.exe+0xc9db]
C  [javaw.exe+0xca6f]
C  [KERNEL32.DLL+0x16ad]
C  [ntdll.dll+0x74629]


---------------  P R O C E S S  ---------------

Java Threads: ( => current thread )

Other Threads:

=>0x00000000028fd800 (exited) JavaThread "Unknown thread" [_thread_in_vm, id=4916, stack(0x0000000002390000,0x0000000002490000)]

VM state:not at safepoint (not fully initialized)

VM Mutex/Monitor currently owned by a thread: None

GC Heap History (0 events):
No events

Deoptimization events (0 events):
No events

Internal exceptions (0 events):
No events

Events (10 events):
Event: 0.014 loading class java/lang/CharSequence done
Event: 0.014 loading class java/lang/String done
Event: 0.014 loading class java/lang/Class
Event: 0.014 loading class java/lang/reflect/AnnotatedElement
Event: 0.014 loading class java/lang/reflect/AnnotatedElement done
Event: 0.014 loading class java/lang/reflect/GenericDeclaration
Event: 0.014 loading class java/lang/reflect/GenericDeclaration done
Event: 0.014 loading class java/lang/reflect/Type
Event: 0.014 loading class java/lang/reflect/Type done
Event: 0.014 loading class java/lang/Class done


Dynamic libraries:
0x00007ff7b2f60000 - 0x00007ff7b2f94000 	C:\Program Files\Java\jre8\bin\javaw.exe
0x00007ffa777d0000 - 0x00007ffa7797a000 	C:\Windows\SYSTEM32\ntdll.dll
0x00007ffa75900000 - 0x00007ffa75a3a000 	C:\Windows\system32\KERNEL32.DLL
0x00007ffa74ef0000 - 0x00007ffa74fff000 	C:\Windows\system32\KERNELBASE.dll
0x00007ffa73770000 - 0x00007ffa737f8000 	C:\Windows\system32\apphelp.dll
0x00007ffa6c1d0000 - 0x00007ffa6c21f000 	C:\Windows\AppPatch\AppPatch64\AcGenral.DLL
0x00007ffa77720000 - 0x00007ffa777c7000 	C:\Windows\system32\msvcrt.dll
0x00007ffa74980000 - 0x00007ffa749ab000 	C:\Windows\SYSTEM32\SspiCli.dll
0x00007ffa775f0000 - 0x00007ffa77641000 	C:\Windows\system32\SHLWAPI.dll
0x00007ffa77260000 - 0x00007ffa773d1000 	C:\Windows\system32\USER32.dll
0x00007ffa75780000 - 0x00007ffa758f8000 	C:\Windows\system32\ole32.dll
0x00007ffa75d90000 - 0x00007ffa771a7000 	C:\Windows\system32\SHELL32.dll
0x00007ffa74150000 - 0x00007ffa7416e000 	C:\Windows\SYSTEM32\USERENV.dll
0x00007ffa773f0000 - 0x00007ffa77495000 	C:\Windows\system32\ADVAPI32.dll
0x00007ffa6dbc0000 - 0x00007ffa6dbdb000 	C:\Windows\SYSTEM32\MPR.dll
0x00007ffa774b0000 - 0x00007ffa775e6000 	C:\Windows\system32\RPCRT4.dll
0x00007ffa75cd0000 - 0x00007ffa75d27000 	C:\Windows\SYSTEM32\sechost.dll
0x00007ffa753c0000 - 0x00007ffa75596000 	C:\Windows\SYSTEM32\combase.dll
0x00007ffa75270000 - 0x00007ffa753b5000 	C:\Windows\system32\GDI32.dll
0x00007ffa74b40000 - 0x00007ffa74b54000 	C:\Windows\SYSTEM32\profapi.dll
0x00007ffa73510000 - 0x00007ffa735af000 	C:\Windows\SYSTEM32\SHCORE.dll
0x00007ffa75a40000 - 0x00007ffa75a74000 	C:\Windows\system32\IMM32.DLL
0x00007ffa75b30000 - 0x00007ffa75c69000 	C:\Windows\system32\MSCTF.dll
0x00007ffa72e80000 - 0x00007ffa730da000 	C:\Windows\WinSxS\amd64_microsoft.windows.common-controls_6595b64144ccf1df_6.0.9600.17031_none_6242a4b3ecbb55a1\COMCTL32.dll
0x000000006a870000 - 0x000000006a942000 	C:\Program Files\Java\jre8\bin\msvcr100.dll
0x0000000069c50000 - 0x000000006a47a000 	C:\Program Files\Java\jre8\bin\server\jvm.dll
0x00007ffa70340000 - 0x00007ffa70349000 	C:\Windows\SYSTEM32\WSOCK32.dll
0x00007ffa730e0000 - 0x00007ffa730ff000 	C:\Windows\SYSTEM32\WINMM.dll
0x00007ffa77250000 - 0x00007ffa77257000 	C:\Windows\system32\PSAPI.DLL
0x00007ffa75c70000 - 0x00007ffa75cc8000 	C:\Windows\system32\WS2_32.dll
0x00007ffa72e20000 - 0x00007ffa72e4a000 	C:\Windows\SYSTEM32\WINMMBASE.dll
0x00007ffa773e0000 - 0x00007ffa773e9000 	C:\Windows\system32\NSI.dll
0x00007ffa74ea0000 - 0x00007ffa74eea000 	C:\Windows\SYSTEM32\cfgmgr32.dll
0x00007ffa739c0000 - 0x00007ffa739e6000 	C:\Windows\SYSTEM32\DEVOBJ.dll
0x000000006a860000 - 0x000000006a86f000 	C:\Program Files\Java\jre8\bin\verify.dll
0x000000006a830000 - 0x000000006a858000 	C:\Program Files\Java\jre8\bin\java.dll
0x000000006a5f0000 - 0x000000006a625000 	C:\Program Files\Java\jre8\bin\jdwp.dll
0x000000006a5e0000 - 0x000000006a5e8000 	C:\Program Files\Java\jre8\bin\npt.dll
0x000000006a810000 - 0x000000006a826000 	C:\Program Files\Java\jre8\bin\zip.dll
0x00007ffa71830000 - 0x00007ffa719b8000 	C:\Windows\SYSTEM32\dbghelp.dll

VM Arguments:
jvm_args: -agentlib:jdwp=transport=dt_socket,suspend=y,address=localhost:53422 -Dfile.encoding=UTF-8 -Xbootclasspath:C:\Users\택현\Desktop\adt-bundle-windows-x86_64-20140321\sdk\platforms\android-19\android.jar 
java_command: org.eclipse.jdt.internal.junit.runner.RemoteTestRunner -version 3 -port 53421 -testLoaderClass org.eclipse.jdt.internal.junit.runner.junit3.JUnit3TestLoader -loaderpluginname org.eclipse.jdt.junit.runtime -classNames JunitTest.SampleTest
java_class_path (initial): D:\Android\bpmanager\libs\android-support-v4.jar;D:\Android\android-support-v7-appcompat\libs\android-support-v7-appcompat.jar;D:\Android\android-support-v7-appcompat\bin\android-support-v7-appcompat.jar;D:\Android\bpmanager\bin\classes;/C:/Users/택현/Desktop/adt-bundle-windows-x86_64-20140321/eclipse/configuration/org.eclipse.osgi/bundles/203/1/.cp/
Launcher Type: SUN_STANDARD

Environment Variables:
JAVA_HOME=C:\Java\jdk1.8.0_05
CLASSPATH=C:\Java\jdk1.8.0_05\lib\tools.jar;
PATH=C:\Program Files (x86)\NVIDIA Corporation\PhysX\Common;C:\Windows\system32;C:\Windows;C:\Windows\System32\Wbem;C:\Windows\System32\WindowsPowerShell\v1.0\;C:\Java\jdk1.8.0_05\bin\;C:\Program Files\Java\jre8\bin\;C:\Users\택현\AppData\Local\Bandizip\7z
USERNAME=택현
OS=Windows_NT
PROCESSOR_IDENTIFIER=AMD64 Family 16 Model 4 Stepping 3, AuthenticAMD



---------------  S Y S T E M  ---------------

OS: Windows 8.1 , 64 bit Build 9600 

CPU:total 4 (4 cores per cpu, 1 threads per core) family 16 model 4 stepping 3, cmov, cx8, fxsr, mmx, sse, sse2, sse3, popcnt, mmxext, 3dnowpref, lzcnt, sse4a, tsc, tscinvbit

Memory: 4k page, physical 8382664k(4368520k free), swap 10348744k(4314464k free)

vm_info: Java HotSpot(TM) 64-Bit Server VM (25.5-b02) for windows-amd64 JRE (1.8.0_05-b13), built on Mar 18 2014 01:08:39 by "java_re" with MS VC++ 10.0 (VS2010)

time: Sat Apr 26 17:45:03 2014
elapsed time: 0 seconds

